Determining if the pthread_create exist failed with the following output:
Change Dir: /home/gurkiratsingh/gurkirat_ubuntu/maze-solving-robo/simulation_ws/build/CMakeFiles/CMakeTmp

Run Build Command:"/usr/bin/make" "cmTC_d21cc/fast"
/usr/bin/make -f CMakeFiles/cmTC_d21cc.dir/build.make CMakeFiles/cmTC_d21cc.dir/build
make[1]: Entering directory '/home/gurkiratsingh/gurkirat_ubuntu/maze-solving-robo/simulation_ws/build/CMakeFiles/CMakeTmp'
Building C object CMakeFiles/cmTC_d21cc.dir/CheckSymbolExists.c.o
/usr/bin/cc    -o CMakeFiles/cmTC_d21cc.dir/CheckSymbolExists.c.o   -c /home/gurkiratsingh/gurkirat_ubuntu/maze-solving-robo/simulation_ws/build/CMakeFiles/CMakeTmp/CheckSymbolExists.c
Linking C executable cmTC_d21cc
/usr/bin/cmake -E cmake_link_script CMakeFiles/cmTC_d21cc.dir/link.txt --verbose=1
/usr/bin/cc      -rdynamic CMakeFiles/cmTC_d21cc.dir/CheckSymbolExists.c.o  -o cmTC_d21cc 
CMakeFiles/cmTC_d21cc.dir/CheckSymbolExists.c.o: In function `main':
CheckSymbolExists.c:(.text+0x1b): undefined reference to `pthread_create'
collect2: error: ld returned 1 exit status
CMakeFiles/cmTC_d21cc.dir/build.make:86: recipe for target 'cmTC_d21cc' failed
make[1]: *** [cmTC_d21cc] Error 1
make[1]: Leaving directory '/home/gurkiratsingh/gurkirat_ubuntu/maze-solving-robo/simulation_ws/build/CMakeFiles/CMakeTmp'
Makefile:121: recipe for target 'cmTC_d21cc/fast' failed
make: *** [cmTC_d21cc/fast] Error 2

File /home/gurkiratsingh/gurkirat_ubuntu/maze-solving-robo/simulation_ws/build/CMakeFiles/CMakeTmp/CheckSymbolExists.c:
/* */
#include <pthread.h>

int main(int argc, char** argv)
{
  (void)argv;
#ifndef pthread_create
  return ((int*)(&pthread_create))[argc];
#else
  (void)argc;
  return 0;
#endif
}

Determining if the function pthread_create exists in the pthreads failed with the following output:
Change Dir: /home/gurkiratsingh/gurkirat_ubuntu/maze-solving-robo/simulation_ws/build/CMakeFiles/CMakeTmp

Run Build Command:"/usr/bin/make" "cmTC_e3587/fast"
/usr/bin/make -f CMakeFiles/cmTC_e3587.dir/build.make CMakeFiles/cmTC_e3587.dir/build
make[1]: Entering directory '/home/gurkiratsingh/gurkirat_ubuntu/maze-solving-robo/simulation_ws/build/CMakeFiles/CMakeTmp'
Building C object CMakeFiles/cmTC_e3587.dir/CheckFunctionExists.c.o
/usr/bin/cc   -DCHECK_FUNCTION_EXISTS=pthread_create   -o CMakeFiles/cmTC_e3587.dir/CheckFunctionExists.c.o   -c /usr/share/cmake-3.13/Modules/CheckFunctionExists.c
Linking C executable cmTC_e3587
/usr/bin/cmake -E cmake_link_script CMakeFiles/cmTC_e3587.dir/link.txt --verbose=1
/usr/bin/cc  -DCHECK_FUNCTION_EXISTS=pthread_create    -rdynamic CMakeFiles/cmTC_e3587.dir/CheckFunctionExists.c.o  -o cmTC_e3587 -lpthreads 
/usr/bin/ld: cannot find -lpthreads
collect2: error: ld returned 1 exit status
CMakeFiles/cmTC_e3587.dir/build.make:86: recipe for target 'cmTC_e3587' failed
make[1]: *** [cmTC_e3587] Error 1
make[1]: Leaving directory '/home/gurkiratsingh/gurkirat_ubuntu/maze-solving-robo/simulation_ws/build/CMakeFiles/CMakeTmp'
Makefile:121: recipe for target 'cmTC_e3587/fast' failed
make: *** [cmTC_e3587/fast] Error 2


