Determining if the pthread_create exist failed with the following output:
Change Dir: /home/gurkiratsingh/gurkirat_ubuntu/maze-solving-robo/catkin_ws/build/CMakeFiles/CMakeTmp

Run Build Command:"/usr/bin/make" "cmTC_0c2f7/fast"
/usr/bin/make -f CMakeFiles/cmTC_0c2f7.dir/build.make CMakeFiles/cmTC_0c2f7.dir/build
make[1]: Entering directory '/home/gurkiratsingh/gurkirat_ubuntu/maze-solving-robo/catkin_ws/build/CMakeFiles/CMakeTmp'
Building C object CMakeFiles/cmTC_0c2f7.dir/CheckSymbolExists.c.o
/usr/bin/cc    -o CMakeFiles/cmTC_0c2f7.dir/CheckSymbolExists.c.o   -c /home/gurkiratsingh/gurkirat_ubuntu/maze-solving-robo/catkin_ws/build/CMakeFiles/CMakeTmp/CheckSymbolExists.c
Linking C executable cmTC_0c2f7
/usr/bin/cmake -E cmake_link_script CMakeFiles/cmTC_0c2f7.dir/link.txt --verbose=1
/usr/bin/cc      -rdynamic CMakeFiles/cmTC_0c2f7.dir/CheckSymbolExists.c.o  -o cmTC_0c2f7 
CMakeFiles/cmTC_0c2f7.dir/CheckSymbolExists.c.o: In function `main':
CheckSymbolExists.c:(.text+0x1b): undefined reference to `pthread_create'
collect2: error: ld returned 1 exit status
CMakeFiles/cmTC_0c2f7.dir/build.make:86: recipe for target 'cmTC_0c2f7' failed
make[1]: *** [cmTC_0c2f7] Error 1
make[1]: Leaving directory '/home/gurkiratsingh/gurkirat_ubuntu/maze-solving-robo/catkin_ws/build/CMakeFiles/CMakeTmp'
Makefile:121: recipe for target 'cmTC_0c2f7/fast' failed
make: *** [cmTC_0c2f7/fast] Error 2

File /home/gurkiratsingh/gurkirat_ubuntu/maze-solving-robo/catkin_ws/build/CMakeFiles/CMakeTmp/CheckSymbolExists.c:
/* */
#include <pthread.h>

int main(int argc, char** argv)
{
  (void)argv;
#ifndef pthread_create
  return ((int*)(&pthread_create))[argc];
#else
  (void)argc;
  return 0;
#endif
}

Determining if the function pthread_create exists in the pthreads failed with the following output:
Change Dir: /home/gurkiratsingh/gurkirat_ubuntu/maze-solving-robo/catkin_ws/build/CMakeFiles/CMakeTmp

Run Build Command:"/usr/bin/make" "cmTC_48bb1/fast"
/usr/bin/make -f CMakeFiles/cmTC_48bb1.dir/build.make CMakeFiles/cmTC_48bb1.dir/build
make[1]: Entering directory '/home/gurkiratsingh/gurkirat_ubuntu/maze-solving-robo/catkin_ws/build/CMakeFiles/CMakeTmp'
Building C object CMakeFiles/cmTC_48bb1.dir/CheckFunctionExists.c.o
/usr/bin/cc   -DCHECK_FUNCTION_EXISTS=pthread_create   -o CMakeFiles/cmTC_48bb1.dir/CheckFunctionExists.c.o   -c /usr/share/cmake-3.13/Modules/CheckFunctionExists.c
Linking C executable cmTC_48bb1
/usr/bin/cmake -E cmake_link_script CMakeFiles/cmTC_48bb1.dir/link.txt --verbose=1
/usr/bin/cc  -DCHECK_FUNCTION_EXISTS=pthread_create    -rdynamic CMakeFiles/cmTC_48bb1.dir/CheckFunctionExists.c.o  -o cmTC_48bb1 -lpthreads 
/usr/bin/ld: cannot find -lpthreads
collect2: error: ld returned 1 exit status
CMakeFiles/cmTC_48bb1.dir/build.make:86: recipe for target 'cmTC_48bb1' failed
make[1]: *** [cmTC_48bb1] Error 1
make[1]: Leaving directory '/home/gurkiratsingh/gurkirat_ubuntu/maze-solving-robo/catkin_ws/build/CMakeFiles/CMakeTmp'
Makefile:121: recipe for target 'cmTC_48bb1/fast' failed
make: *** [cmTC_48bb1/fast] Error 2


